<?xml version="1.0" encoding="UTF-8"?>
<!-- Generated by org.testng.reporters.JUnitReportReporter -->
<testsuite hostname="DESKTOP-J7H6G9B" failures="0" tests="1" name="loan.HomeLoan" time="0.013" errors="0" timestamp="2024-12-27T20:45:21 IST" skipped="0">
  <testcase classname="loan.HomeLoan" name="webLoginHL" time="0.013"/>
  <system-out/>
</testsuite> <!-- loan.HomeLoan -->
