<?xml version="1.0" encoding="UTF-8"?>
<!-- Generated by org.testng.reporters.JUnitReportReporter -->
<testsuite hostname="DESKTOP-J7H6G9B" failures="0" tests="1" name="test1.day1" time="0.011" errors="0" timestamp="2024-12-23T20:53:52 IST" skipped="0">
  <testcase classname="test1.day1" name="test1" time="0.011"/>
  <system-out/>
</testsuite> <!-- test1.day1 -->
